#
# There is insufficient memory for the Java Runtime Environment to continue.
# Native memory allocation (malloc) failed to allocate 1357456 bytes for Chunk::new
# Possible reasons:
#   The system is out of physical RAM or swap space
#   In 32 bit mode, the process size limit was hit
# Possible solutions:
#   Reduce memory load on the system
#   Increase physical memory or swap space
#   Check if swap backing store is full
#   Use 64 bit Java on a 64 bit OS
#   Decrease Java heap size (-Xmx/-Xms)
#   Decrease number of Java threads
#   Decrease Java thread stack sizes (-Xss)
#   Set larger code cache with -XX:ReservedCodeCacheSize=
# This output file may be truncated or incomplete.
#
#  Out of Memory Error (allocation.cpp:390), pid=10364, tid=0x0000000000002d00
#
# JRE version: Java(TM) SE Runtime Environment (8.0_144-b01) (build 1.8.0_144-b01)
# Java VM: Java HotSpot(TM) 64-Bit Server VM (25.144-b01 mixed mode windows-amd64 compressed oops)
# Failed to write core dump. Minidumps are not enabled by default on client versions of Windows
#

---------------  T H R E A D  ---------------

Current thread (0x00000000176c4000):  JavaThread "C2 CompilerThread0" daemon [_thread_in_native, id=11520, stack(0x0000000018d10000,0x0000000018e10000)]

Stack: [0x0000000018d10000,0x0000000018e10000]
[error occurred during error reporting (printing stack bounds), id 0xc0000005]

Native frames: (J=compiled Java code, j=interpreted, Vv=VM code, C=native code)


Current CompileTask:
C2:   9905 3261       4       org.springframework.boot.context.properties.source.SpringConfigurationPropertySources$SourcesIterator::fetchNext (138 bytes)


---------------  P R O C E S S  ---------------

Java Threads: ( => current thread )
  0x0000000019a88800 JavaThread "container-0" [_thread_blocked, id=14748, stack(0x000000001e4a0000,0x000000001e5a0000)]
  0x000000001c2bc000 JavaThread "Catalina-utility-2" [_thread_blocked, id=6948, stack(0x000000001d330000,0x000000001d430000)]
  0x00000000196b0000 JavaThread "Catalina-utility-1" [_thread_blocked, id=11916, stack(0x000000001af20000,0x000000001b020000)]
  0x0000000019048800 JavaThread "Service Thread" daemon [_thread_blocked, id=8988, stack(0x0000000019410000,0x0000000019510000)]
  0x00000000176cd800 JavaThread "C1 CompilerThread2" daemon [_thread_blocked, id=15780, stack(0x0000000018f10000,0x0000000019010000)]
  0x00000000176ca000 JavaThread "C2 CompilerThread1" daemon [_thread_blocked, id=9700, stack(0x0000000018e10000,0x0000000018f10000)]
=>0x00000000176c4000 JavaThread "C2 CompilerThread0" daemon [_thread_in_native, id=11520, stack(0x0000000018d10000,0x0000000018e10000)]
  0x00000000176c2800 JavaThread "Attach Listener" daemon [_thread_blocked, id=14484, stack(0x0000000018c10000,0x0000000018d10000)]
  0x00000000176c1800 JavaThread "Signal Dispatcher" daemon [_thread_blocked, id=9628, stack(0x0000000018b10000,0x0000000018c10000)]
  0x00000000176b0000 JavaThread "Finalizer" daemon [_thread_blocked, id=5980, stack(0x0000000018910000,0x0000000018a10000)]
  0x0000000002c75800 JavaThread "Reference Handler" daemon [_thread_blocked, id=8268, stack(0x0000000018810000,0x0000000018910000)]
  0x0000000002b86800 JavaThread "main" [_thread_in_native, id=11420, stack(0x0000000002a80000,0x0000000002b80000)]

Other Threads:
  0x0000000017688000 VMThread [stack: 0x0000000018710000,0x0000000018810000] [id=14224]
  0x0000000019099800 WatcherThread [stack: 0x0000000019510000,0x0000000019610000] [id=13252]

VM state:not at safepoint (normal execution)

VM Mutex/Monitor currently owned by a thread: None

Heap:
 PSYoungGen      total 181760K, used 20356K [0x00000000d6700000, 0x00000000e5900000, 0x0000000100000000)
  eden space 169472K, 12% used [0x00000000d6700000,0x00000000d7ae11b0,0x00000000e0c80000)
  from space 12288K, 0% used [0x00000000e1880000,0x00000000e1880000,0x00000000e2480000)
  to   space 12288K, 0% used [0x00000000e0c80000,0x00000000e0c80000,0x00000000e1880000)
 ParOldGen       total 74752K, used 12888K [0x0000000083400000, 0x0000000087d00000, 0x00000000d6700000)
  object space 74752K, 17% used [0x0000000083400000,0x0000000084096220,0x0000000087d00000)
 Metaspace       used 35267K, capacity 37162K, committed 37288K, reserved 1081344K
  class space    used 4699K, capacity 5038K, committed 5040K, reserved 1048576K

Card table byte_map: [0x0000000012040000,0x0000000012430000] byte_map_base: 0x0000000011c26000

Marking Bits: (ParMarkBitMap*) 0x000000005a52d850
 Begin Bits: [0x0000000012ad0000, 0x0000000014a00000)
 End Bits:   [0x0000000014a00000, 0x0000000016930000)

Polling page: 0x0000000000c80000

CodeCache: size=245760Kb used=10680Kb max_used=10695Kb free=235079Kb
 bounds [0x0000000002c80000, 0x0000000003700000, 0x0000000011c80000]
 total_blobs=3549 nmethods=3139 adapters=321
 compilation: enabled

Compilation events (10 events):
Event: 9.802 Thread 0x00000000176ca000 3381       4       java.lang.AbstractStringBuilder::charAt (28 bytes)
Event: 9.803 Thread 0x00000000176ca000 nmethod 3381 0x00000000036ebfd0 code [0x00000000036ec120, 0x00000000036ec1f8]
Event: 9.803 Thread 0x00000000176ca000 3277       4       org.springframework.core.annotation.AnnotationsScanner::hasPlainJavaAnnotationsOnly (24 bytes)
Event: 9.807 Thread 0x00000000176ca000 nmethod 3277 0x00000000036ed2d0 code [0x00000000036ed420, 0x00000000036ed588]
Event: 9.807 Thread 0x00000000176ca000 3298       4       org.springframework.core.annotation.MergedAnnotation::missing (4 bytes)
Event: 9.807 Thread 0x00000000176ca000 nmethod 3298 0x0000000002f91510 code [0x0000000002f91640, 0x0000000002f91698]
Event: 9.807 Thread 0x00000000176ca000 3392       4       org.springframework.core.annotation.TypeMappedAnnotations::get (52 bytes)
Event: 9.860 Thread 0x00000000176ca000 nmethod 3392 0x00000000036f71d0 code [0x00000000036f7420, 0x00000000036f85e0]
Event: 9.861 Thread 0x00000000176ca000 3262       4       java.util.LinkedHashMap$LinkedKeySet::iterator (12 bytes)
Event: 9.863 Thread 0x00000000176ca000 nmethod 3262 0x00000000036ed710 code [0x00000000036ed860, 0x00000000036ed978]

GC Heap History (10 events):
Event: 3.255 GC heap before
{Heap before GC invocations=6 (full 1):
 PSYoungGen      total 70656K, used 5094K [0x00000000d6700000, 0x00000000df900000, 0x0000000100000000)
  eden space 65536K, 0% used [0x00000000d6700000,0x00000000d6700000,0x00000000da700000)
  from space 5120K, 99% used [0x00000000da700000,0x00000000dabf9888,0x00000000dac00000)
  to   space 9216K, 0% used [0x00000000df000000,0x00000000df000000,0x00000000df900000)
 ParOldGen       total 86016K, used 5085K [0x0000000083400000, 0x0000000088800000, 0x00000000d6700000)
  object space 86016K, 5% used [0x0000000083400000,0x00000000838f7488,0x0000000088800000)
 Metaspace       used 20583K, capacity 21234K, committed 21296K, reserved 1067008K
  class space    used 2670K, capacity 2854K, committed 2864K, reserved 1048576K
Event: 3.299 GC heap after
Heap after GC invocations=6 (full 1):
 PSYoungGen      total 70656K, used 0K [0x00000000d6700000, 0x00000000df900000, 0x0000000100000000)
  eden space 65536K, 0% used [0x00000000d6700000,0x00000000d6700000,0x00000000da700000)
  from space 5120K, 0% used [0x00000000da700000,0x00000000da700000,0x00000000dac00000)
  to   space 9216K, 0% used [0x00000000df000000,0x00000000df000000,0x00000000df900000)
 ParOldGen       total 52736K, used 5485K [0x0000000083400000, 0x0000000086780000, 0x00000000d6700000)
  object space 52736K, 10% used [0x0000000083400000,0x000000008395b5e8,0x0000000086780000)
 Metaspace       used 20583K, capacity 21234K, committed 21296K, reserved 1067008K
  class space    used 2670K, capacity 2854K, committed 2864K, reserved 1048576K
}
Event: 5.367 GC heap before
{Heap before GC invocations=7 (full 1):
 PSYoungGen      total 70656K, used 65536K [0x00000000d6700000, 0x00000000df900000, 0x0000000100000000)
  eden space 65536K, 100% used [0x00000000d6700000,0x00000000da700000,0x00000000da700000)
  from space 5120K, 0% used [0x00000000da700000,0x00000000da700000,0x00000000dac00000)
  to   space 9216K, 0% used [0x00000000df000000,0x00000000df000000,0x00000000df900000)
 ParOldGen       total 52736K, used 5485K [0x0000000083400000, 0x0000000086780000, 0x00000000d6700000)
  object space 52736K, 10% used [0x0000000083400000,0x000000008395b5e8,0x0000000086780000)
 Metaspace       used 24721K, capacity 25712K, committed 26032K, reserved 1071104K
  class space    used 3189K, capacity 3417K, committed 3504K, reserved 1048576K
Event: 5.383 GC heap after
Heap after GC invocations=7 (full 1):
 PSYoungGen      total 114176K, used 6899K [0x00000000d6700000, 0x00000000df700000, 0x0000000100000000)
  eden space 107008K, 0% used [0x00000000d6700000,0x00000000d6700000,0x00000000dcf80000)
  from space 7168K, 96% used [0x00000000df000000,0x00000000df6bce28,0x00000000df700000)
  to   space 9216K, 0% used [0x00000000de500000,0x00000000de500000,0x00000000dee00000)
 ParOldGen       total 52736K, used 5493K [0x0000000083400000, 0x0000000086780000, 0x00000000d6700000)
  object space 52736K, 10% used [0x0000000083400000,0x000000008395d5e8,0x0000000086780000)
 Metaspace       used 24721K, capacity 25712K, committed 26032K, reserved 1071104K
  class space    used 3189K, capacity 3417K, committed 3504K, reserved 1048576K
}
Event: 8.765 GC heap before
{Heap before GC invocations=8 (full 1):
 PSYoungGen      total 114176K, used 113907K [0x00000000d6700000, 0x00000000df700000, 0x0000000100000000)
  eden space 107008K, 100% used [0x00000000d6700000,0x00000000dcf80000,0x00000000dcf80000)
  from space 7168K, 96% used [0x00000000df000000,0x00000000df6bce28,0x00000000df700000)
  to   space 9216K, 0% used [0x00000000de500000,0x00000000de500000,0x00000000dee00000)
 ParOldGen       total 52736K, used 5493K [0x0000000083400000, 0x0000000086780000, 0x00000000d6700000)
  object space 52736K, 10% used [0x0000000083400000,0x000000008395d5e8,0x0000000086780000)
 Metaspace       used 33001K, capacity 34616K, committed 34992K, reserved 1079296K
  class space    used 4346K, capacity 4659K, committed 4784K, reserved 1048576K
Event: 8.786 GC heap after
Heap after GC invocations=8 (full 1):
 PSYoungGen      total 138240K, used 9194K [0x00000000d6700000, 0x00000000e2480000, 0x0000000100000000)
  eden space 129024K, 0% used [0x00000000d6700000,0x00000000d6700000,0x00000000de500000)
  from space 9216K, 99% used [0x00000000de500000,0x00000000dedfa940,0x00000000dee00000)
  to   space 12288K, 0% used [0x00000000e1880000,0x00000000e1880000,0x00000000e2480000)
 ParOldGen       total 52736K, used 9939K [0x0000000083400000, 0x0000000086780000, 0x00000000d6700000)
  object space 52736K, 18% used [0x0000000083400000,0x0000000083db4cb8,0x0000000086780000)
 Metaspace       used 33001K, capacity 34616K, committed 34992K, reserved 1079296K
  class space    used 4346K, capacity 4659K, committed 4784K, reserved 1048576K
}
Event: 9.085 GC heap before
{Heap before GC invocations=9 (full 1):
 PSYoungGen      total 138240K, used 20227K [0x00000000d6700000, 0x00000000e2480000, 0x0000000100000000)
  eden space 129024K, 8% used [0x00000000d6700000,0x00000000d71c63d8,0x00000000de500000)
  from space 9216K, 99% used [0x00000000de500000,0x00000000dedfa940,0x00000000dee00000)
  to   space 12288K, 0% used [0x00000000e1880000,0x00000000e1880000,0x00000000e2480000)
 ParOldGen       total 52736K, used 9939K [0x0000000083400000, 0x0000000086780000, 0x00000000d6700000)
  object space 52736K, 18% used [0x0000000083400000,0x0000000083db4cb8,0x0000000086780000)
 Metaspace       used 33710K, capacity 35354K, committed 35496K, reserved 1079296K
  class space    used 4474K, capacity 4772K, committed 4784K, reserved 1048576K
Event: 9.114 GC heap after
Heap after GC invocations=9 (full 1):
 PSYoungGen      total 181760K, used 7966K [0x00000000d6700000, 0x00000000e5900000, 0x0000000100000000)
  eden space 169472K, 0% used [0x00000000d6700000,0x00000000d6700000,0x00000000e0c80000)
  from space 12288K, 64% used [0x00000000e1880000,0x00000000e2047b08,0x00000000e2480000)
  to   space 12288K, 0% used [0x00000000e0c80000,0x00000000e0c80000,0x00000000e1880000)
 ParOldGen       total 52736K, used 9947K [0x0000000083400000, 0x0000000086780000, 0x00000000d6700000)
  object space 52736K, 18% used [0x0000000083400000,0x0000000083db6cb8,0x0000000086780000)
 Metaspace       used 33710K, capacity 35354K, committed 35496K, reserved 1079296K
  class space    used 4474K, capacity 4772K, committed 4784K, reserved 1048576K
}
Event: 9.114 GC heap before
{Heap before GC invocations=10 (full 2):
 PSYoungGen      total 181760K, used 7966K [0x00000000d6700000, 0x00000000e5900000, 0x0000000100000000)
  eden space 169472K, 0% used [0x00000000d6700000,0x00000000d6700000,0x00000000e0c80000)
  from space 12288K, 64% used [0x00000000e1880000,0x00000000e2047b08,0x00000000e2480000)
  to   space 12288K, 0% used [0x00000000e0c80000,0x00000000e0c80000,0x00000000e1880000)
 ParOldGen       total 52736K, used 9947K [0x0000000083400000, 0x0000000086780000, 0x00000000d6700000)
  object space 52736K, 18% used [0x0000000083400000,0x0000000083db6cb8,0x0000000086780000)
 Metaspace       used 33710K, capacity 35354K, committed 35496K, reserved 1079296K
  class space    used 4474K, capacity 4772K, committed 4784K, reserved 1048576K
Event: 9.214 GC heap after
Heap after GC invocations=10 (full 2):
 PSYoungGen      total 181760K, used 0K [0x00000000d6700000, 0x00000000e5900000, 0x0000000100000000)
  eden space 169472K, 0% used [0x00000000d6700000,0x00000000d6700000,0x00000000e0c80000)
  from space 12288K, 0% used [0x00000000e1880000,0x00000000e1880000,0x00000000e2480000)
  to   space 12288K, 0% used [0x00000000e0c80000,0x00000000e0c80000,0x00000000e1880000)
 ParOldGen       total 74752K, used 12888K [0x0000000083400000, 0x0000000087d00000, 0x00000000d6700000)
  object space 74752K, 17% used [0x0000000083400000,0x0000000084096220,0x0000000087d00000)
 Metaspace       used 33710K, capacity 35354K, committed 35496K, reserved 1079296K
  class space    used 4474K, capacity 4772K, committed 4784K, reserved 1048576K
}

Deoptimization events (10 events):
Event: 8.379 Thread 0x0000000002b86800 Uncommon trap: reason=null_check action=make_not_entrant pc=0x00000000034c3e24 method=org.springframework.beans.factory.support.DefaultSingletonBeanRegistry.getSingleton(Ljava/lang/String;Z)Ljava/lang/Object; @ 60
Event: 8.382 Thread 0x0000000002b86800 Uncommon trap: reason=unstable_if action=reinterpret pc=0x0000000003660cdc method=java.lang.StringCoding.decode(Ljava/lang/String;[BII)[C @ 38
Event: 8.438 Thread 0x0000000002b86800 Uncommon trap: reason=unstable_if action=reinterpret pc=0x0000000003212774 method=org.springframework.boot.context.properties.source.ConfigurationPropertyName.hashCode()I @ 18
Event: 8.532 Thread 0x0000000002b86800 Uncommon trap: reason=class_check action=maybe_recompile pc=0x00000000035e2edc method=java.lang.reflect.Method.equals(Ljava/lang/Object;)Z @ 5
Event: 8.591 Thread 0x0000000002b86800 Uncommon trap: reason=unstable_if action=reinterpret pc=0x00000000035e2ef0 method=java.lang.reflect.Method.equals(Ljava/lang/Object;)Z @ 1
Event: 8.787 Thread 0x0000000002c75800 Uncommon trap: reason=unstable_if action=reinterpret pc=0x00000000033f6bf8 method=java.lang.ref.Reference.tryHandlePending(Z)Z @ 104
Event: 8.906 Thread 0x0000000002b86800 Uncommon trap: reason=unstable_if action=reinterpret pc=0x000000000363bbf8 method=java.lang.StringCoding$StringDecoder.decode([BII)[C @ 20
Event: 8.938 Thread 0x0000000002b86800 Uncommon trap: reason=unstable_if action=reinterpret pc=0x000000000357e46c method=org.springframework.beans.factory.support.AbstractBeanFactory.isTypeMatch(Ljava/lang/String;Lorg/springframework/core/ResolvableType;Z)Z @ 559
Event: 9.426 Thread 0x0000000002b86800 Uncommon trap: reason=unstable_if action=reinterpret pc=0x000000000332f18c method=java.io.WinNTFileSystem.isLetter(C)Z @ 3
Event: 9.586 Thread 0x0000000002b86800 Uncommon trap: reason=unstable_if action=reinterpret pc=0x0000000002e328b0 method=org.springframework.beans.factory.support.DefaultSingletonBeanRegistry.getSingleton(Ljava/lang/String;Z)Ljava/lang/Object; @ 47

Internal exceptions (10 events):
Event: 8.580 Thread 0x0000000002b86800 Exception <a 'java/lang/ClassNotFoundException': org/springframework/web/servlet/config/annotation/DelegatingWebMvcConfigurationCustomizer> (0x00000000dc6a06f8) thrown at [C:\re\workspace\8-2-build-windows-amd64-cygwin\jdk8u144\9417\hotspot\src\share\vm\c
Event: 8.582 Thread 0x0000000002b86800 Exception <a 'java/lang/ClassNotFoundException': org/springframework/boot/autoconfigure/web/servlet/WebMvcAutoConfiguration$EnableWebMvcConfigurationCustomizer> (0x00000000dc6d6ea8) thrown at [C:\re\workspace\8-2-build-windows-amd64-cygwin\jdk8u144\9417\h
Event: 8.584 Thread 0x0000000002b86800 Exception <a 'java/lang/ClassNotFoundException': org/springframework/context/ResourceLoaderAwareCustomizer> (0x00000000dc708078) thrown at [C:\re\workspace\8-2-build-windows-amd64-cygwin\jdk8u144\9417\hotspot\src\share\vm\classfile\systemDictionary.cpp, l
Event: 8.585 Thread 0x0000000002b86800 Exception <a 'java/lang/ClassNotFoundException': org/springframework/beans/factory/AwareCustomizer> (0x00000000dc723530) thrown at [C:\re\workspace\8-2-build-windows-amd64-cygwin\jdk8u144\9417\hotspot\src\share\vm\classfile\systemDictionary.cpp, line 210]
Event: 8.586 Thread 0x0000000002b86800 Exception <a 'java/lang/ClassNotFoundException': org/springframework/context/ApplicationContextAwareCustomizer> (0x00000000dc7426e8) thrown at [C:\re\workspace\8-2-build-windows-amd64-cygwin\jdk8u144\9417\hotspot\src\share\vm\classfile\systemDictionary.cp
Event: 8.590 Thread 0x0000000002b86800 Exception <a 'java/lang/ClassNotFoundException': org/springframework/beans/factory/AwareCustomizer> (0x00000000dc75e1a8) thrown at [C:\re\workspace\8-2-build-windows-amd64-cygwin\jdk8u144\9417\hotspot\src\share\vm\classfile\systemDictionary.cpp, line 210]
Event: 8.590 Thread 0x0000000002b86800 Exception <a 'java/lang/ClassNotFoundException': org/springframework/web/context/ServletContextAwareCustomizer> (0x00000000dc77d348) thrown at [C:\re\workspace\8-2-build-windows-amd64-cygwin\jdk8u144\9417\hotspot\src\share\vm\classfile\systemDictionary.cp
Event: 8.591 Thread 0x0000000002b86800 Exception <a 'java/lang/ClassNotFoundException': org/springframework/beans/factory/AwareCustomizer> (0x00000000dc7988d0) thrown at [C:\re\workspace\8-2-build-windows-amd64-cygwin\jdk8u144\9417\hotspot\src\share\vm\classfile\systemDictionary.cpp, line 210]
Event: 8.591 Thread 0x0000000002b86800 Implicit null exception at 0x00000000035e2e0c to 0x00000000035e2edd
Event: 9.462 Thread 0x0000000002b86800 Exception <a 'java/lang/IncompatibleClassChangeError': Found class java.lang.Object, but interface was expected> (0x00000000d70329a0) thrown at [C:\re\workspace\8-2-build-windows-amd64-cygwin\jdk8u144\9417\hotspot\src\share\vm\interpreter\linkResolver.cpp

Events (10 events):
Event: 9.748 loading class org/springframework/web/multipart/MultipartHttpServletRequest
Event: 9.748 loading class org/springframework/web/multipart/MultipartHttpServletRequest done
Event: 9.748 loading class org/springframework/web/multipart/MultipartRequest
Event: 9.748 loading class org/springframework/web/multipart/MultipartRequest done
Event: 9.758 loading class org/springframework/cloud/client/discovery/simple/SimpleDiscoveryProperties$SimpleServiceInstance
Event: 9.758 loading class org/springframework/cloud/client/discovery/simple/SimpleDiscoveryProperties$SimpleServiceInstance done
Event: 9.765 loading class org/springframework/core/convert/support/StringToNumberConverterFactory$StringToNumber
Event: 9.765 loading class org/springframework/core/convert/support/StringToNumberConverterFactory$StringToNumber done
Event: 9.768 loading class sun/reflect/UnsafeIntegerFieldAccessorImpl
Event: 9.768 loading class sun/reflect/UnsafeIntegerFieldAccessorImpl done


Dynamic libraries:
0x00007ff72c5d0000 - 0x00007ff72c607000 	C:\Program Files\Java\jdk1.8.0_144\bin\javaw.exe
0x00007ffdcfbe0000 - 0x00007ffdcfdd0000 	C:\WINDOWS\SYSTEM32\ntdll.dll
0x00007ffdcf5c0000 - 0x00007ffdcf672000 	C:\WINDOWS\System32\KERNEL32.DLL
0x00007ffdcd9e0000 - 0x00007ffdcdc84000 	C:\WINDOWS\System32\KERNELBASE.dll
0x00007ffdcf680000 - 0x00007ffdcf723000 	C:\WINDOWS\System32\ADVAPI32.dll
0x00007ffdcdd10000 - 0x00007ffdcddae000 	C:\WINDOWS\System32\msvcrt.dll
0x00007ffdcf800000 - 0x00007ffdcf897000 	C:\WINDOWS\System32\sechost.dll
0x00007ffdce8a0000 - 0x00007ffdce9c0000 	C:\WINDOWS\System32\RPCRT4.dll
0x00007ffdcf420000 - 0x00007ffdcf5b4000 	C:\WINDOWS\System32\USER32.dll
0x00007ffdccfe0000 - 0x00007ffdcd001000 	C:\WINDOWS\System32\win32u.dll
0x00007ffdce6c0000 - 0x00007ffdce6e6000 	C:\WINDOWS\System32\GDI32.dll
0x00007ffdcd840000 - 0x00007ffdcd9d6000 	C:\WINDOWS\System32\gdi32full.dll
0x00007ffdccf10000 - 0x00007ffdccfae000 	C:\WINDOWS\System32\msvcp_win.dll
0x00007ffdccc60000 - 0x00007ffdccd5a000 	C:\WINDOWS\System32\ucrtbase.dll
0x00007ffdc4870000 - 0x00007ffdc4af4000 	C:\WINDOWS\WinSxS\amd64_microsoft.windows.common-controls_6595b64144ccf1df_6.0.18362.959_none_e6c7bbbf130c62bb\COMCTL32.dll
0x00007ffdceed0000 - 0x00007ffdcf205000 	C:\WINDOWS\System32\combase.dll
0x00007ffdcd030000 - 0x00007ffdcd0b0000 	C:\WINDOWS\System32\bcryptPrimitives.dll
0x00007ffdcee30000 - 0x00007ffdcee5e000 	C:\WINDOWS\System32\IMM32.DLL
0x0000000059b50000 - 0x0000000059c22000 	C:\Program Files\Java\jdk1.8.0_144\jre\bin\msvcr100.dll
0x0000000059d10000 - 0x000000005a5ad000 	C:\Program Files\Java\jdk1.8.0_144\jre\bin\server\jvm.dll
0x00007ffdcee60000 - 0x00007ffdcee68000 	C:\WINDOWS\System32\PSAPI.DLL
0x00007ffdc4de0000 - 0x00007ffdc4dea000 	C:\WINDOWS\SYSTEM32\VERSION.dll
0x00007ffdc3510000 - 0x00007ffdc3534000 	C:\WINDOWS\SYSTEM32\WINMM.dll
0x00007ffdbf7a0000 - 0x00007ffdbf7a9000 	C:\WINDOWS\SYSTEM32\WSOCK32.dll
0x00007ffdcfa40000 - 0x00007ffdcfaaf000 	C:\WINDOWS\System32\WS2_32.dll
0x00007ffdc34e0000 - 0x00007ffdc350d000 	C:\WINDOWS\SYSTEM32\WINMMBASE.dll
0x00007ffdccc10000 - 0x00007ffdccc5a000 	C:\WINDOWS\System32\cfgmgr32.dll
0x0000000059d00000 - 0x0000000059d0f000 	C:\Program Files\Java\jdk1.8.0_144\jre\bin\verify.dll
0x0000000059cd0000 - 0x0000000059cf9000 	C:\Program Files\Java\jdk1.8.0_144\jre\bin\java.dll
0x0000000059cb0000 - 0x0000000059cc6000 	C:\Program Files\Java\jdk1.8.0_144\jre\bin\zip.dll
0x00007ffdcdef0000 - 0x00007ffdce5d6000 	C:\WINDOWS\System32\SHELL32.dll
0x00007ffdcf370000 - 0x00007ffdcf419000 	C:\WINDOWS\System32\shcore.dll
0x00007ffdcd0b0000 - 0x00007ffdcd832000 	C:\WINDOWS\System32\windows.storage.dll
0x00007ffdccae0000 - 0x00007ffdccb03000 	C:\WINDOWS\System32\profapi.dll
0x00007ffdccb10000 - 0x00007ffdccb5a000 	C:\WINDOWS\System32\powrprof.dll
0x00007ffdcca90000 - 0x00007ffdccaa0000 	C:\WINDOWS\System32\UMPDC.dll
0x00007ffdcdcb0000 - 0x00007ffdcdd02000 	C:\WINDOWS\System32\shlwapi.dll
0x00007ffdccac0000 - 0x00007ffdccad1000 	C:\WINDOWS\System32\kernel.appcore.dll
0x00007ffdcd010000 - 0x00007ffdcd027000 	C:\WINDOWS\System32\cryptsp.dll
0x0000000059c90000 - 0x0000000059caa000 	C:\Program Files\Java\jdk1.8.0_144\jre\bin\net.dll
0x00007ffdcc2a0000 - 0x00007ffdcc307000 	C:\WINDOWS\system32\mswsock.dll
0x00007ffdcbfb0000 - 0x00007ffdcbfea000 	C:\WINDOWS\SYSTEM32\IPHLPAPI.DLL
0x00007ffdcdc90000 - 0x00007ffdcdc98000 	C:\WINDOWS\System32\NSI.dll
0x00007ffdc5bb0000 - 0x00007ffdc5bc6000 	C:\WINDOWS\SYSTEM32\dhcpcsvc6.DLL
0x00007ffdc5d20000 - 0x00007ffdc5d3c000 	C:\WINDOWS\SYSTEM32\dhcpcsvc.DLL
0x00007ffdcbff0000 - 0x00007ffdcc0bb000 	C:\WINDOWS\SYSTEM32\DNSAPI.dll
0x00007ffdc5c70000 - 0x00007ffdc5c7a000 	C:\Windows\System32\rasadhlp.dll
0x00007ffdc5420000 - 0x00007ffdc5497000 	C:\WINDOWS\System32\fwpuclnt.dll
0x00007ffdccfb0000 - 0x00007ffdccfd6000 	C:\WINDOWS\System32\bcrypt.dll
0x0000000059b40000 - 0x0000000059b4d000 	C:\Program Files\Java\jdk1.8.0_144\jre\bin\management.dll
0x00007ffdbe7f0000 - 0x00007ffdbe806000 	C:\WINDOWS\system32\napinsp.dll
0x00007ffdbe700000 - 0x00007ffdbe71a000 	C:\WINDOWS\system32\pnrpnsp.dll
0x00007ffdbe500000 - 0x00007ffdbe50e000 	C:\WINDOWS\System32\winrnr.dll
0x00007ffdc6e10000 - 0x00007ffdc6e2c000 	C:\WINDOWS\system32\NLAapi.dll
0x00007ffdc7ac0000 - 0x00007ffdc7ad5000 	C:\WINDOWS\system32\wshbth.dll
0x0000000059c70000 - 0x0000000059c81000 	C:\Program Files\Java\jdk1.8.0_144\jre\bin\nio.dll
0x00007ffdcbe10000 - 0x00007ffdcbe43000 	C:\WINDOWS\system32\rsaenh.dll
0x00007ffdcc980000 - 0x00007ffdcc9a5000 	C:\WINDOWS\SYSTEM32\USERENV.dll
0x00007ffdcc470000 - 0x00007ffdcc47c000 	C:\WINDOWS\SYSTEM32\CRYPTBASE.dll

VM Arguments:
jvm_args: -Dfile.encoding=UTF-8 
java_command: org.naren.com.EurekhaConsumer.EurekhaConsumerApplication
java_class_path (initial): D:\Eureka_Tutorial\EurekhaConsumer\EurekhaConsumer\target\classes;C:\Users\dell\.m2\repository\org\springframework\boot\spring-boot-starter-web\2.3.2.RELEASE\spring-boot-starter-web-2.3.2.RELEASE.jar;C:\Users\dell\.m2\repository\org\springframework\boot\spring-boot-starter\2.3.2.RELEASE\spring-boot-starter-2.3.2.RELEASE.jar;C:\Users\dell\.m2\repository\org\springframework\boot\spring-boot\2.3.2.RELEASE\spring-boot-2.3.2.RELEASE.jar;C:\Users\dell\.m2\repository\org\springframework\boot\spring-boot-autoconfigure\2.3.2.RELEASE\spring-boot-autoconfigure-2.3.2.RELEASE.jar;C:\Users\dell\.m2\repository\org\springframework\boot\spring-boot-starter-logging\2.3.2.RELEASE\spring-boot-starter-logging-2.3.2.RELEASE.jar;C:\Users\dell\.m2\repository\ch\qos\logback\logback-classic\1.2.3\logback-classic-1.2.3.jar;C:\Users\dell\.m2\repository\ch\qos\logback\logback-core\1.2.3\logback-core-1.2.3.jar;C:\Users\dell\.m2\repository\org\apache\logging\log4j\log4j-to-slf4j\2.13.3\log4j-to-slf4j-2.13.3.jar;C:\Users\dell\.m2\repository\org\apache\logging\log4j\log4j-api\2.13.3\log4j-api-2.13.3.jar;C:\Users\dell\.m2\repository\org\slf4j\jul-to-slf4j\1.7.30\jul-to-slf4j-1.7.30.jar;C:\Users\dell\.m2\repository\jakarta\annotation\jakarta.annotation-api\1.3.5\jakarta.annotation-api-1.3.5.jar;C:\Users\dell\.m2\repository\org\yaml\snakeyaml\1.26\snakeyaml-1.26.jar;C:\Users\dell\.m2\repository\org\springframework\boot\spring-boot-starter-json\2.3.2.RELEASE\spring-boot-starter-json-2.3.2.RELEASE.jar;C:\Users\dell\.m2\repository\com\fasterxml\jackson\core\jackson-databind\2.11.1\jackson-databind-2.11.1.jar;C:\Users\dell\.m2\repository\com\fasterxml\jackson\datatype\jackson-datatype-jdk8\2.11.1\jackson-datatype-jdk8-2.11.1.jar;C:\Users\dell\.m2\repository\com\fasterxml\jackson\datatype\jackson-datatype-jsr310\2.11.1\jackson-datatype-jsr310-2.11.1.jar;C:\Users\dell\.m2\repository\com\fasterxml\jackson\module\jackson-module-parameter-names\2.11.1\jackson-module-parameter-names
Launcher Type: SUN_STANDARD

Environment Variables:
JAVA_HOME=C:\Program Files\Java\jdk1.8.0_144\
CLASSPATH=C:\Program Files\Java\jdk1.8.0_144\bin;C:\Program Files\Java\jre1.8.0_144\lib;
PATH=C:/Program Files/Java/jdk1.8.0_144/bin/../jre/bin/server;C:/Program Files/Java/jdk1.8.0_144/bin/../jre/bin;C:/Program Files/Java/jdk1.8.0_144/bin/../jre/lib/amd64;C:\Program Files\Java\jdk1.8.0_144\bin;C:\Program Files\MySQL\MySQL Shell 8.0\bin\;C:\Program Files\Java\jdk1.8.0_144\bin;C:\Users\dell\Downloads\apache-maven-3.6.1-bin\apache-maven-3.6.1\bin;;D:\eclipse-jee-oxygen-R-win32-x86_64\eclipse;
USERNAME=dell
OS=Windows_NT
PROCESSOR_IDENTIFIER=Intel64 Family 6 Model 142 Stepping 9, GenuineIntel



---------------  S Y S T E M  ---------------

OS: Windows 10.0 , 64 bit Build 18362 (10.0.18362.959)

CPU:total 4 (initial active 4) (2 cores per cpu, 2 threads per core) family 6 model 142 stepping 9, cmov, cx8, fxsr, mmx, sse, sse2, sse3, ssse3, sse4.1, sse4.2, popcnt, avx, avx2, aes, clmul, erms, 3dnowpref, lzcnt, ht, tsc, tscinvbit, bmi1, bmi2, adx

Memory: 4k page, physical 8167788k(1836380k free), swap 10106220k(6432k free)

vm_info: Java HotSpot(TM) 64-Bit Server VM (25.144-b01) for windows-amd64 JRE (1.8.0_144-b01), built on Jul 21 2017 21:57:33 by "java_re" with MS VC++ 10.0 (VS2010)

time: Sun Jul 26 00:41:22 2020
elapsed time: 9 seconds (0d 0h 0m 9s)

