#
# There is insufficient memory for the Java Runtime Environment to continue.
# Native memory allocation (malloc) failed to allocate 4839760 bytes for Chunk::new
# Possible reasons:
#   The system is out of physical RAM or swap space
#   In 32 bit mode, the process size limit was hit
# Possible solutions:
#   Reduce memory load on the system
#   Increase physical memory or swap space
#   Check if swap backing store is full
#   Use 64 bit Java on a 64 bit OS
#   Decrease Java heap size (-Xmx/-Xms)
#   Decrease number of Java threads
#   Decrease Java thread stack sizes (-Xss)
#   Set larger code cache with -XX:ReservedCodeCacheSize=
# This output file may be truncated or incomplete.
#
#  Out of Memory Error (allocation.cpp:390), pid=13032, tid=0x00000000000005e0
#
# JRE version: Java(TM) SE Runtime Environment (8.0_144-b01) (build 1.8.0_144-b01)
# Java VM: Java HotSpot(TM) 64-Bit Server VM (25.144-b01 mixed mode windows-amd64 compressed oops)
# Failed to write core dump. Minidumps are not enabled by default on client versions of Windows
#

---------------  T H R E A D  ---------------

Current thread (0x000000001790e000):  JavaThread "C2 CompilerThread1" daemon [_thread_in_native, id=1504, stack(0x0000000019a50000,0x0000000019b50000)]

Stack: [0x0000000019a50000,0x0000000019b50000]
[error occurred during error reporting (printing stack bounds), id 0xc0000005]

Native frames: (J=compiled Java code, j=interpreted, Vv=VM code, C=native code)


Current CompileTask:
C2:  12684 3403   !   4       org.springframework.core.annotation.AnnotationsScanner::processClassHierarchy (236 bytes)


---------------  P R O C E S S  ---------------

Java Threads: ( => current thread )
  0x000000001c27a800 JavaThread "spring.cloud.inetutils" daemon [_thread_blocked, id=1620, stack(0x0000000020b00000,0x0000000020c00000)]
  0x000000001aeca000 JavaThread "container-0" [_thread_blocked, id=7484, stack(0x0000000022170000,0x0000000022270000)]
  0x00000000213bb800 JavaThread "Catalina-utility-2" [_thread_blocked, id=14476, stack(0x0000000022070000,0x0000000022170000)]
  0x000000001e83f800 JavaThread "Catalina-utility-1" [_thread_blocked, id=9144, stack(0x000000001b760000,0x000000001b860000)]
  0x0000000019680000 JavaThread "Service Thread" daemon [_thread_blocked, id=17028, stack(0x0000000019c50000,0x0000000019d50000)]
  0x0000000019679000 JavaThread "C1 CompilerThread2" daemon [_thread_blocked, id=16076, stack(0x0000000019b50000,0x0000000019c50000)]
=>0x000000001790e000 JavaThread "C2 CompilerThread1" daemon [_thread_in_native, id=1504, stack(0x0000000019a50000,0x0000000019b50000)]
  0x00000000178e0800 JavaThread "C2 CompilerThread0" daemon [_thread_in_native, id=13600, stack(0x0000000019550000,0x0000000019650000)]
  0x00000000178d0800 JavaThread "JDWP Command Reader" daemon [_thread_in_native, id=10140, stack(0x0000000019450000,0x0000000019550000)]
  0x00000000178cd000 JavaThread "JDWP Event Helper Thread" daemon [_thread_blocked, id=1196, stack(0x0000000019350000,0x0000000019450000)]
  0x00000000178bc000 JavaThread "JDWP Transport Listener: dt_socket" daemon [_thread_blocked, id=15208, stack(0x0000000019250000,0x0000000019350000)]
  0x00000000178b3000 JavaThread "Attach Listener" daemon [_thread_blocked, id=13588, stack(0x0000000018e10000,0x0000000018f10000)]
  0x00000000178b2000 JavaThread "Signal Dispatcher" daemon [_thread_blocked, id=16920, stack(0x0000000018d10000,0x0000000018e10000)]
  0x000000001789f800 JavaThread "Finalizer" daemon [_thread_blocked, id=5420, stack(0x0000000018b10000,0x0000000018c10000)]
  0x0000000002e67000 JavaThread "Reference Handler" daemon [_thread_blocked, id=10408, stack(0x0000000018a10000,0x0000000018b10000)]
  0x0000000002d6e800 JavaThread "main" [_thread_in_native, id=5956, stack(0x0000000002bb0000,0x0000000002cb0000)]

Other Threads:
  0x0000000017878000 VMThread [stack: 0x0000000018910000,0x0000000018a10000] [id=11892]
  0x00000000196ba000 WatcherThread [stack: 0x0000000019d50000,0x0000000019e50000] [id=15596]

VM state:not at safepoint (normal execution)

VM Mutex/Monitor currently owned by a thread: None

Heap:
 PSYoungGen      total 138240K, used 35851K [0x00000000d6700000, 0x00000000e5700000, 0x0000000100000000)
  eden space 129024K, 27% used [0x00000000d6700000,0x00000000d8a02d18,0x00000000de500000)
  from space 9216K, 0% used [0x00000000de500000,0x00000000de500000,0x00000000dee00000)
  to   space 12800K, 0% used [0x00000000e4a80000,0x00000000e4a80000,0x00000000e5700000)
 ParOldGen       total 68096K, used 17883K [0x0000000083400000, 0x0000000087680000, 0x00000000d6700000)
  object space 68096K, 26% used [0x0000000083400000,0x0000000084576c08,0x0000000087680000)
 Metaspace       used 36104K, capacity 38047K, committed 38184K, reserved 1083392K
  class space    used 4756K, capacity 5081K, committed 5168K, reserved 1048576K

Card table byte_map: [0x0000000012230000,0x0000000012620000] byte_map_base: 0x0000000011e16000

Marking Bits: (ParMarkBitMap*) 0x000000005a52d850
 Begin Bits: [0x0000000012cc0000, 0x0000000014bf0000)
 End Bits:   [0x0000000014bf0000, 0x0000000016b20000)

Polling page: 0x0000000001180000

CodeCache: size=245760Kb used=12736Kb max_used=12736Kb free=233023Kb
 bounds [0x0000000002e70000, 0x0000000003af0000, 0x0000000011e70000]
 total_blobs=3764 nmethods=3361 adapters=322
 compilation: enabled

Compilation events (10 events):
Event: 12.645 Thread 0x0000000019679000 3602       3       org.springframework.cglib.core.CodeEmitter::skipArgs (32 bytes)
Event: 12.645 Thread 0x0000000019679000 nmethod 3602 0x0000000003ae4fd0 code [0x0000000003ae5140, 0x0000000003ae5468]
Event: 12.645 Thread 0x0000000019679000 3603       3       org.springframework.asm.MethodWriter::putFrame (549 bytes)
Event: 12.647 Thread 0x0000000019679000 nmethod 3603 0x0000000003ae5610 code [0x0000000003ae5a20, 0x0000000003ae7358]
Event: 12.647 Thread 0x0000000019679000 3604       3       org.springframework.asm.Handler::getExceptionTableSize (10 bytes)
Event: 12.647 Thread 0x0000000019679000 nmethod 3604 0x0000000003ae8c10 code [0x0000000003ae8d80, 0x0000000003ae8fd0]
Event: 12.647 Thread 0x0000000019679000 3605       3       org.springframework.asm.ByteVector::putByteArray (49 bytes)
Event: 12.647 Thread 0x0000000019679000 nmethod 3605 0x0000000003ae9110 code [0x0000000003ae9280, 0x0000000003ae9598]
Event: 12.650 Thread 0x0000000019679000 3606       3       java.lang.Class::privateGetDeclaredFields (67 bytes)
Event: 12.651 Thread 0x0000000019679000 nmethod 3606 0x0000000003ae9690 code [0x0000000003ae9880, 0x0000000003aea1a8]

GC Heap History (10 events):
Event: 4.990 GC heap before
{Heap before GC invocations=5 (full 0):
 PSYoungGen      total 70656K, used 10542K [0x00000000d6700000, 0x00000000db100000, 0x0000000100000000)
  eden space 65536K, 8% used [0x00000000d6700000,0x00000000d6c4dad8,0x00000000da700000)
  from space 5120K, 99% used [0x00000000dac00000,0x00000000db0fded0,0x00000000db100000)
  to   space 5120K, 0% used [0x00000000da700000,0x00000000da700000,0x00000000dac00000)
 ParOldGen       total 86016K, used 4979K [0x0000000083400000, 0x0000000088800000, 0x00000000d6700000)
  object space 86016K, 5% used [0x0000000083400000,0x00000000838dcec8,0x0000000088800000)
 Metaspace       used 20645K, capacity 21251K, committed 21296K, reserved 1067008K
  class space    used 2639K, capacity 2819K, committed 2864K, reserved 1048576K
Event: 5.014 GC heap after
Heap after GC invocations=5 (full 0):
 PSYoungGen      total 70656K, used 4896K [0x00000000d6700000, 0x00000000df900000, 0x0000000100000000)
  eden space 65536K, 0% used [0x00000000d6700000,0x00000000d6700000,0x00000000da700000)
  from space 5120K, 95% used [0x00000000da700000,0x00000000dabc8000,0x00000000dac00000)
  to   space 9216K, 0% used [0x00000000df000000,0x00000000df000000,0x00000000df900000)
 ParOldGen       total 86016K, used 4987K [0x0000000083400000, 0x0000000088800000, 0x00000000d6700000)
  object space 86016K, 5% used [0x0000000083400000,0x00000000838deec8,0x0000000088800000)
 Metaspace       used 20645K, capacity 21251K, committed 21296K, reserved 1067008K
  class space    used 2639K, capacity 2819K, committed 2864K, reserved 1048576K
}
Event: 5.014 GC heap before
{Heap before GC invocations=6 (full 1):
 PSYoungGen      total 70656K, used 4896K [0x00000000d6700000, 0x00000000df900000, 0x0000000100000000)
  eden space 65536K, 0% used [0x00000000d6700000,0x00000000d6700000,0x00000000da700000)
  from space 5120K, 95% used [0x00000000da700000,0x00000000dabc8000,0x00000000dac00000)
  to   space 9216K, 0% used [0x00000000df000000,0x00000000df000000,0x00000000df900000)
 ParOldGen       total 86016K, used 4987K [0x0000000083400000, 0x0000000088800000, 0x00000000d6700000)
  object space 86016K, 5% used [0x0000000083400000,0x00000000838deec8,0x0000000088800000)
 Metaspace       used 20645K, capacity 21251K, committed 21296K, reserved 1067008K
  class space    used 2639K, capacity 2819K, committed 2864K, reserved 1048576K
Event: 5.054 GC heap after
Heap after GC invocations=6 (full 1):
 PSYoungGen      total 70656K, used 0K [0x00000000d6700000, 0x00000000df900000, 0x0000000100000000)
  eden space 65536K, 0% used [0x00000000d6700000,0x00000000d6700000,0x00000000da700000)
  from space 5120K, 0% used [0x00000000da700000,0x00000000da700000,0x00000000dac00000)
  to   space 9216K, 0% used [0x00000000df000000,0x00000000df000000,0x00000000df900000)
 ParOldGen       total 45568K, used 5324K [0x0000000083400000, 0x0000000086080000, 0x00000000d6700000)
  object space 45568K, 11% used [0x0000000083400000,0x0000000083933278,0x0000000086080000)
 Metaspace       used 20644K, capacity 21249K, committed 21296K, reserved 1067008K
  class space    used 2639K, capacity 2818K, committed 2864K, reserved 1048576K
}
Event: 8.398 GC heap before
{Heap before GC invocations=7 (full 1):
 PSYoungGen      total 70656K, used 65536K [0x00000000d6700000, 0x00000000df900000, 0x0000000100000000)
  eden space 65536K, 100% used [0x00000000d6700000,0x00000000da700000,0x00000000da700000)
  from space 5120K, 0% used [0x00000000da700000,0x00000000da700000,0x00000000dac00000)
  to   space 9216K, 0% used [0x00000000df000000,0x00000000df000000,0x00000000df900000)
 ParOldGen       total 45568K, used 5324K [0x0000000083400000, 0x0000000086080000, 0x00000000d6700000)
  object space 45568K, 11% used [0x0000000083400000,0x0000000083933278,0x0000000086080000)
 Metaspace       used 25003K, capacity 25977K, committed 26288K, reserved 1073152K
  class space    used 3190K, capacity 3418K, committed 3504K, reserved 1048576K
Event: 8.409 GC heap after
Heap after GC invocations=7 (full 1):
 PSYoungGen      total 128512K, used 7096K [0x00000000d6700000, 0x00000000df700000, 0x0000000100000000)
  eden space 121344K, 0% used [0x00000000d6700000,0x00000000d6700000,0x00000000ddd80000)
  from space 7168K, 99% used [0x00000000df000000,0x00000000df6ee300,0x00000000df700000)
  to   space 9216K, 0% used [0x00000000de500000,0x00000000de500000,0x00000000dee00000)
 ParOldGen       total 45568K, used 5332K [0x0000000083400000, 0x0000000086080000, 0x00000000d6700000)
  object space 45568K, 11% used [0x0000000083400000,0x0000000083935278,0x0000000086080000)
 Metaspace       used 25003K, capacity 25977K, committed 26288K, reserved 1073152K
  class space    used 3190K, capacity 3418K, committed 3504K, reserved 1048576K
}
Event: 11.538 GC heap before
{Heap before GC invocations=8 (full 1):
 PSYoungGen      total 128512K, used 125062K [0x00000000d6700000, 0x00000000df700000, 0x0000000100000000)
  eden space 121344K, 97% used [0x00000000d6700000,0x00000000dda33558,0x00000000ddd80000)
  from space 7168K, 99% used [0x00000000df000000,0x00000000df6ee300,0x00000000df700000)
  to   space 9216K, 0% used [0x00000000de500000,0x00000000de500000,0x00000000dee00000)
 ParOldGen       total 45568K, used 5332K [0x0000000083400000, 0x0000000086080000, 0x00000000d6700000)
  object space 45568K, 11% used [0x0000000083400000,0x0000000083935278,0x0000000086080000)
 Metaspace       used 33861K, capacity 35463K, committed 35496K, reserved 1079296K
  class space    used 4444K, capacity 4765K, committed 4784K, reserved 1048576K
Event: 11.554 GC heap after
Heap after GC invocations=8 (full 1):
 PSYoungGen      total 138240K, used 9208K [0x00000000d6700000, 0x00000000e5700000, 0x0000000100000000)
  eden space 129024K, 0% used [0x00000000d6700000,0x00000000d6700000,0x00000000de500000)
  from space 9216K, 99% used [0x00000000de500000,0x00000000dedfe1a8,0x00000000dee00000)
  to   space 12800K, 0% used [0x00000000e4a80000,0x00000000e4a80000,0x00000000e5700000)
 ParOldGen       total 45568K, used 10396K [0x0000000083400000, 0x0000000086080000, 0x00000000d6700000)
  object space 45568K, 22% used [0x0000000083400000,0x0000000083e27028,0x0000000086080000)
 Metaspace       used 33861K, capacity 35463K, committed 35496K, reserved 1079296K
  class space    used 4444K, capacity 4765K, committed 4784K, reserved 1048576K
}
Event: 11.554 GC heap before
{Heap before GC invocations=9 (full 2):
 PSYoungGen      total 138240K, used 9208K [0x00000000d6700000, 0x00000000e5700000, 0x0000000100000000)
  eden space 129024K, 0% used [0x00000000d6700000,0x00000000d6700000,0x00000000de500000)
  from space 9216K, 99% used [0x00000000de500000,0x00000000dedfe1a8,0x00000000dee00000)
  to   space 12800K, 0% used [0x00000000e4a80000,0x00000000e4a80000,0x00000000e5700000)
 ParOldGen       total 45568K, used 10396K [0x0000000083400000, 0x0000000086080000, 0x00000000d6700000)
  object space 45568K, 22% used [0x0000000083400000,0x0000000083e27028,0x0000000086080000)
 Metaspace       used 33861K, capacity 35463K, committed 35496K, reserved 1079296K
  class space    used 4444K, capacity 4765K, committed 4784K, reserved 1048576K
Event: 11.629 GC heap after
Heap after GC invocations=9 (full 2):
 PSYoungGen      total 138240K, used 0K [0x00000000d6700000, 0x00000000e5700000, 0x0000000100000000)
  eden space 129024K, 0% used [0x00000000d6700000,0x00000000d6700000,0x00000000de500000)
  from space 9216K, 0% used [0x00000000de500000,0x00000000de500000,0x00000000dee00000)
  to   space 12800K, 0% used [0x00000000e4a80000,0x00000000e4a80000,0x00000000e5700000)
 ParOldGen       total 68096K, used 17883K [0x0000000083400000, 0x0000000087680000, 0x00000000d6700000)
  object space 68096K, 26% used [0x0000000083400000,0x0000000084576c08,0x0000000087680000)
 Metaspace       used 33861K, capacity 35463K, committed 35496K, reserved 1079296K
  class space    used 4444K, capacity 4765K, committed 4784K, reserved 1048576K
}

Deoptimization events (10 events):
Event: 12.637 Thread 0x0000000002d6e800 Uncommon trap: reason=unhandled action=none pc=0x000000000335e1f8 method=java.net.URLClassLoader.findClass(Ljava/lang/String;)Ljava/lang/Class; @ 44
Event: 12.638 Thread 0x0000000002d6e800 Uncommon trap: reason=unhandled action=none pc=0x000000000335e1f8 method=java.net.URLClassLoader.findClass(Ljava/lang/String;)Ljava/lang/Class; @ 44
Event: 12.643 Thread 0x0000000002d6e800 Uncommon trap: reason=unhandled action=none pc=0x000000000335e1f8 method=java.net.URLClassLoader.findClass(Ljava/lang/String;)Ljava/lang/Class; @ 44
Event: 12.643 Thread 0x0000000002d6e800 Uncommon trap: reason=unhandled action=none pc=0x000000000335e1f8 method=java.net.URLClassLoader.findClass(Ljava/lang/String;)Ljava/lang/Class; @ 44
Event: 12.646 Thread 0x0000000002d6e800 Uncommon trap: reason=unhandled action=none pc=0x000000000335e1f8 method=java.net.URLClassLoader.findClass(Ljava/lang/String;)Ljava/lang/Class; @ 44
Event: 12.648 Thread 0x0000000002d6e800 Uncommon trap: reason=unhandled action=none pc=0x000000000335e1f8 method=java.net.URLClassLoader.findClass(Ljava/lang/String;)Ljava/lang/Class; @ 44
Event: 12.649 Thread 0x0000000002d6e800 Uncommon trap: reason=unhandled action=none pc=0x000000000335e1f8 method=java.net.URLClassLoader.findClass(Ljava/lang/String;)Ljava/lang/Class; @ 44
Event: 12.652 Thread 0x0000000002d6e800 Uncommon trap: reason=unhandled action=none pc=0x000000000335e1f8 method=java.net.URLClassLoader.findClass(Ljava/lang/String;)Ljava/lang/Class; @ 44
Event: 12.653 Thread 0x0000000002d6e800 Uncommon trap: reason=unhandled action=none pc=0x000000000335e1f8 method=java.net.URLClassLoader.findClass(Ljava/lang/String;)Ljava/lang/Class; @ 44
Event: 12.654 Thread 0x0000000002d6e800 Uncommon trap: reason=unhandled action=none pc=0x000000000335e1f8 method=java.net.URLClassLoader.findClass(Ljava/lang/String;)Ljava/lang/Class; @ 44

Internal exceptions (10 events):
Event: 12.542 Thread 0x0000000002d6e800 Exception <a 'java/lang/ArrayIndexOutOfBoundsException': 5> (0x00000000d80cbc00) thrown at [C:\re\workspace\8-2-build-windows-amd64-cygwin\jdk8u144\9417\hotspot\src\share\vm\interpreter\interpreterRuntime.cpp, line 366]
Event: 12.542 Thread 0x0000000002d6e800 Exception <a 'java/lang/ArrayIndexOutOfBoundsException': 22> (0x00000000d80ccf20) thrown at [C:\re\workspace\8-2-build-windows-amd64-cygwin\jdk8u144\9417\hotspot\src\share\vm\interpreter\interpreterRuntime.cpp, line 366]
Event: 12.544 Thread 0x0000000002d6e800 Exception <a 'java/lang/ClassNotFoundException': org/springframework/beans/factory/BeanFactoryAwareCustomizer> (0x00000000d80f0030) thrown at [C:\re\workspace\8-2-build-windows-amd64-cygwin\jdk8u144\9417\hotspot\src\share\vm\classfile\systemDictionary.cpp
Event: 12.545 Thread 0x0000000002d6e800 Exception <a 'java/lang/ClassNotFoundException': org/springframework/beans/factory/AwareCustomizer> (0x00000000d810c500) thrown at [C:\re\workspace\8-2-build-windows-amd64-cygwin\jdk8u144\9417\hotspot\src\share\vm\classfile\systemDictionary.cpp, line 210]
Event: 12.546 Thread 0x0000000002d6e800 Exception <a 'java/lang/ClassNotFoundException': org/springframework/aop/framework/AopInfrastructureBeanCustomizer> (0x00000000d812d068) thrown at [C:\re\workspace\8-2-build-windows-amd64-cygwin\jdk8u144\9417\hotspot\src\share\vm\classfile\systemDictionar
Event: 12.575 Thread 0x0000000002d6e800 Exception <a 'java/lang/ArrayIndexOutOfBoundsException': 56> (0x00000000d8322cd0) thrown at [C:\re\workspace\8-2-build-windows-amd64-cygwin\jdk8u144\9417\hotspot\src\share\vm\interpreter\interpreterRuntime.cpp, line 366]
Event: 12.579 Thread 0x0000000002d6e800 Exception <a 'java/lang/ArrayIndexOutOfBoundsException': 139> (0x00000000d8347408) thrown at [C:\re\workspace\8-2-build-windows-amd64-cygwin\jdk8u144\9417\hotspot\src\share\vm\interpreter\interpreterRuntime.cpp, line 366]
Event: 12.582 Thread 0x0000000002d6e800 Exception <a 'java/lang/ArrayIndexOutOfBoundsException': 56> (0x00000000d83f44d8) thrown at [C:\re\workspace\8-2-build-windows-amd64-cygwin\jdk8u144\9417\hotspot\src\share\vm\interpreter\interpreterRuntime.cpp, line 366]
Event: 12.635 Thread 0x0000000002d6e800 Exception <a 'java/lang/ArrayIndexOutOfBoundsException': 40> (0x00000000d87486d8) thrown at [C:\re\workspace\8-2-build-windows-amd64-cygwin\jdk8u144\9417\hotspot\src\share\vm\interpreter\interpreterRuntime.cpp, line 366]
Event: 12.635 Thread 0x0000000002d6e800 Exception <a 'java/lang/ArrayIndexOutOfBoundsException': 108> (0x00000000d874bec0) thrown at [C:\re\workspace\8-2-build-windows-amd64-cygwin\jdk8u144\9417\hotspot\src\share\vm\interpreter\interpreterRuntime.cpp, line 366]

Events (10 events):
Event: 12.653 loading class com/netflix/appinfo/MyDataCenterInfo
Event: 12.653 loading class com/netflix/appinfo/MyDataCenterInfo done
Event: 12.653 Thread 0x0000000002d6e800 Uncommon trap: trap_request=0xffffffa7 fr.pc=0x000000000335e1f8
Event: 12.653 Thread 0x0000000002d6e800 DEOPT PACKING pc=0x000000000335e1f8 sp=0x0000000002cacb10
Event: 12.653 Thread 0x0000000002d6e800 DEOPT UNPACKING pc=0x0000000002eb582a sp=0x0000000002caca08 mode 2
Event: 12.654 loading class com/netflix/appinfo/DataCenterInfo$Name
Event: 12.654 loading class com/netflix/appinfo/DataCenterInfo$Name done
Event: 12.654 Thread 0x0000000002d6e800 Uncommon trap: trap_request=0xffffffa7 fr.pc=0x000000000335e1f8
Event: 12.654 Thread 0x0000000002d6e800 DEOPT PACKING pc=0x000000000335e1f8 sp=0x0000000002cac9c0
Event: 12.654 Thread 0x0000000002d6e800 DEOPT UNPACKING pc=0x0000000002eb582a sp=0x0000000002cac8b8 mode 2


Dynamic libraries:
0x00007ff72c5d0000 - 0x00007ff72c607000 	C:\Program Files\Java\jdk1.8.0_144\bin\javaw.exe
0x00007ffdcfbe0000 - 0x00007ffdcfdd0000 	C:\WINDOWS\SYSTEM32\ntdll.dll
0x00007ffdcf5c0000 - 0x00007ffdcf672000 	C:\WINDOWS\System32\KERNEL32.DLL
0x00007ffdcd9e0000 - 0x00007ffdcdc84000 	C:\WINDOWS\System32\KERNELBASE.dll
0x00007ffdcf680000 - 0x00007ffdcf723000 	C:\WINDOWS\System32\ADVAPI32.dll
0x00007ffdcdd10000 - 0x00007ffdcddae000 	C:\WINDOWS\System32\msvcrt.dll
0x00007ffdcf800000 - 0x00007ffdcf897000 	C:\WINDOWS\System32\sechost.dll
0x00007ffdce8a0000 - 0x00007ffdce9c0000 	C:\WINDOWS\System32\RPCRT4.dll
0x00007ffdcf420000 - 0x00007ffdcf5b4000 	C:\WINDOWS\System32\USER32.dll
0x00007ffdccfe0000 - 0x00007ffdcd001000 	C:\WINDOWS\System32\win32u.dll
0x00007ffdce6c0000 - 0x00007ffdce6e6000 	C:\WINDOWS\System32\GDI32.dll
0x00007ffdcd840000 - 0x00007ffdcd9d6000 	C:\WINDOWS\System32\gdi32full.dll
0x00007ffdccf10000 - 0x00007ffdccfae000 	C:\WINDOWS\System32\msvcp_win.dll
0x00007ffdccc60000 - 0x00007ffdccd5a000 	C:\WINDOWS\System32\ucrtbase.dll
0x00007ffdc4870000 - 0x00007ffdc4af4000 	C:\WINDOWS\WinSxS\amd64_microsoft.windows.common-controls_6595b64144ccf1df_6.0.18362.959_none_e6c7bbbf130c62bb\COMCTL32.dll
0x00007ffdceed0000 - 0x00007ffdcf205000 	C:\WINDOWS\System32\combase.dll
0x00007ffdcd030000 - 0x00007ffdcd0b0000 	C:\WINDOWS\System32\bcryptPrimitives.dll
0x00007ffdcee30000 - 0x00007ffdcee5e000 	C:\WINDOWS\System32\IMM32.DLL
0x0000000059b50000 - 0x0000000059c22000 	C:\Program Files\Java\jdk1.8.0_144\jre\bin\msvcr100.dll
0x0000000059d10000 - 0x000000005a5ad000 	C:\Program Files\Java\jdk1.8.0_144\jre\bin\server\jvm.dll
0x00007ffdcee60000 - 0x00007ffdcee68000 	C:\WINDOWS\System32\PSAPI.DLL
0x00007ffdbf7a0000 - 0x00007ffdbf7a9000 	C:\WINDOWS\SYSTEM32\WSOCK32.dll
0x00007ffdcfa40000 - 0x00007ffdcfaaf000 	C:\WINDOWS\System32\WS2_32.dll
0x00007ffdc3510000 - 0x00007ffdc3534000 	C:\WINDOWS\SYSTEM32\WINMM.dll
0x00007ffdc4de0000 - 0x00007ffdc4dea000 	C:\WINDOWS\SYSTEM32\VERSION.dll
0x00007ffdc34e0000 - 0x00007ffdc350d000 	C:\WINDOWS\SYSTEM32\WINMMBASE.dll
0x00007ffdccc10000 - 0x00007ffdccc5a000 	C:\WINDOWS\System32\cfgmgr32.dll
0x0000000059d00000 - 0x0000000059d0f000 	C:\Program Files\Java\jdk1.8.0_144\jre\bin\verify.dll
0x0000000059cd0000 - 0x0000000059cf9000 	C:\Program Files\Java\jdk1.8.0_144\jre\bin\java.dll
0x0000000059b00000 - 0x0000000059b35000 	C:\Program Files\Java\jdk1.8.0_144\jre\bin\jdwp.dll
0x0000000059af0000 - 0x0000000059af8000 	C:\Program Files\Java\jdk1.8.0_144\jre\bin\npt.dll
0x0000000059cb0000 - 0x0000000059cc6000 	C:\Program Files\Java\jdk1.8.0_144\jre\bin\zip.dll
0x00007ffdcdef0000 - 0x00007ffdce5d6000 	C:\WINDOWS\System32\SHELL32.dll
0x00007ffdcf370000 - 0x00007ffdcf419000 	C:\WINDOWS\System32\shcore.dll
0x00007ffdcd0b0000 - 0x00007ffdcd832000 	C:\WINDOWS\System32\windows.storage.dll
0x00007ffdccae0000 - 0x00007ffdccb03000 	C:\WINDOWS\System32\profapi.dll
0x00007ffdccb10000 - 0x00007ffdccb5a000 	C:\WINDOWS\System32\powrprof.dll
0x00007ffdcca90000 - 0x00007ffdccaa0000 	C:\WINDOWS\System32\UMPDC.dll
0x00007ffdcdcb0000 - 0x00007ffdcdd02000 	C:\WINDOWS\System32\shlwapi.dll
0x00007ffdccac0000 - 0x00007ffdccad1000 	C:\WINDOWS\System32\kernel.appcore.dll
0x00007ffdcd010000 - 0x00007ffdcd027000 	C:\WINDOWS\System32\cryptsp.dll
0x0000000059ae0000 - 0x0000000059ae9000 	C:\Program Files\Java\jdk1.8.0_144\jre\bin\dt_socket.dll
0x00007ffdbe7f0000 - 0x00007ffdbe806000 	C:\WINDOWS\system32\napinsp.dll
0x00007ffdbe700000 - 0x00007ffdbe71a000 	C:\WINDOWS\system32\pnrpnsp.dll
0x00007ffdcc2a0000 - 0x00007ffdcc307000 	C:\WINDOWS\System32\mswsock.dll
0x00007ffdcbff0000 - 0x00007ffdcc0bb000 	C:\WINDOWS\SYSTEM32\DNSAPI.dll
0x00007ffdcdc90000 - 0x00007ffdcdc98000 	C:\WINDOWS\System32\NSI.dll
0x00007ffdcbfb0000 - 0x00007ffdcbfea000 	C:\WINDOWS\SYSTEM32\IPHLPAPI.DLL
0x00007ffdbe500000 - 0x00007ffdbe50e000 	C:\WINDOWS\System32\winrnr.dll
0x00007ffdc6e10000 - 0x00007ffdc6e2c000 	C:\WINDOWS\system32\NLAapi.dll
0x00007ffdc7ac0000 - 0x00007ffdc7ad5000 	C:\WINDOWS\system32\wshbth.dll
0x00007ffdc5420000 - 0x00007ffdc5497000 	C:\WINDOWS\System32\fwpuclnt.dll
0x00007ffdccfb0000 - 0x00007ffdccfd6000 	C:\WINDOWS\System32\bcrypt.dll
0x00007ffdc5c70000 - 0x00007ffdc5c7a000 	C:\Windows\System32\rasadhlp.dll
0x0000000059c90000 - 0x0000000059caa000 	C:\Program Files\Java\jdk1.8.0_144\jre\bin\net.dll
0x00007ffdc5bb0000 - 0x00007ffdc5bc6000 	C:\WINDOWS\SYSTEM32\dhcpcsvc6.DLL
0x00007ffdc5d20000 - 0x00007ffdc5d3c000 	C:\WINDOWS\SYSTEM32\dhcpcsvc.DLL
0x0000000059b40000 - 0x0000000059b4d000 	C:\Program Files\Java\jdk1.8.0_144\jre\bin\management.dll
0x0000000059c70000 - 0x0000000059c81000 	C:\Program Files\Java\jdk1.8.0_144\jre\bin\nio.dll
0x00007ffdcbe10000 - 0x00007ffdcbe43000 	C:\WINDOWS\system32\rsaenh.dll
0x00007ffdcc980000 - 0x00007ffdcc9a5000 	C:\WINDOWS\SYSTEM32\USERENV.dll
0x00007ffdcc470000 - 0x00007ffdcc47c000 	C:\WINDOWS\SYSTEM32\CRYPTBASE.dll

VM Arguments:
jvm_args: -agentlib:jdwp=transport=dt_socket,suspend=y,address=localhost:61558 -Dfile.encoding=UTF-8 
java_command: org.naren.com.EurekhaConsumer.EurekhaConsumerApplication
java_class_path (initial): D:\Eureka_Tutorial\EurekhaConsumer\EurekhaConsumer\target\classes;C:\Users\dell\.m2\repository\org\springframework\boot\spring-boot-starter-web\2.3.2.RELEASE\spring-boot-starter-web-2.3.2.RELEASE.jar;C:\Users\dell\.m2\repository\org\springframework\boot\spring-boot-starter\2.3.2.RELEASE\spring-boot-starter-2.3.2.RELEASE.jar;C:\Users\dell\.m2\repository\org\springframework\boot\spring-boot\2.3.2.RELEASE\spring-boot-2.3.2.RELEASE.jar;C:\Users\dell\.m2\repository\org\springframework\boot\spring-boot-autoconfigure\2.3.2.RELEASE\spring-boot-autoconfigure-2.3.2.RELEASE.jar;C:\Users\dell\.m2\repository\org\springframework\boot\spring-boot-starter-logging\2.3.2.RELEASE\spring-boot-starter-logging-2.3.2.RELEASE.jar;C:\Users\dell\.m2\repository\ch\qos\logback\logback-classic\1.2.3\logback-classic-1.2.3.jar;C:\Users\dell\.m2\repository\ch\qos\logback\logback-core\1.2.3\logback-core-1.2.3.jar;C:\Users\dell\.m2\repository\org\apache\logging\log4j\log4j-to-slf4j\2.13.3\log4j-to-slf4j-2.13.3.jar;C:\Users\dell\.m2\repository\org\apache\logging\log4j\log4j-api\2.13.3\log4j-api-2.13.3.jar;C:\Users\dell\.m2\repository\org\slf4j\jul-to-slf4j\1.7.30\jul-to-slf4j-1.7.30.jar;C:\Users\dell\.m2\repository\jakarta\annotation\jakarta.annotation-api\1.3.5\jakarta.annotation-api-1.3.5.jar;C:\Users\dell\.m2\repository\org\yaml\snakeyaml\1.26\snakeyaml-1.26.jar;C:\Users\dell\.m2\repository\org\springframework\boot\spring-boot-starter-json\2.3.2.RELEASE\spring-boot-starter-json-2.3.2.RELEASE.jar;C:\Users\dell\.m2\repository\com\fasterxml\jackson\core\jackson-databind\2.11.1\jackson-databind-2.11.1.jar;C:\Users\dell\.m2\repository\com\fasterxml\jackson\datatype\jackson-datatype-jdk8\2.11.1\jackson-datatype-jdk8-2.11.1.jar;C:\Users\dell\.m2\repository\com\fasterxml\jackson\datatype\jackson-datatype-jsr310\2.11.1\jackson-datatype-jsr310-2.11.1.jar;C:\Users\dell\.m2\repository\com\fasterxml\jackson\module\jackson-module-parameter-names\2.11.1\jackson-module-parameter-names
Launcher Type: SUN_STANDARD

Environment Variables:
JAVA_HOME=C:\Program Files\Java\jdk1.8.0_144\
CLASSPATH=C:\Program Files\Java\jdk1.8.0_144\bin;C:\Program Files\Java\jre1.8.0_144\lib;
PATH=C:\Program Files\Java\jdk1.8.0_144\jre\bin;C:/Program Files/Java/jdk1.8.0_144/bin/../jre/bin/server;C:/Program Files/Java/jdk1.8.0_144/bin/../jre/bin;C:/Program Files/Java/jdk1.8.0_144/bin/../jre/lib/amd64;C:\Program Files\Java\jdk1.8.0_144\bin;C:\Program Files\MySQL\MySQL Shell 8.0\bin\;C:\Program Files\Java\jdk1.8.0_144\bin;C:\Users\dell\Downloads\apache-maven-3.6.1-bin\apache-maven-3.6.1\bin;;D:\eclipse-jee-oxygen-R-win32-x86_64\eclipse;
USERNAME=dell
OS=Windows_NT
PROCESSOR_IDENTIFIER=Intel64 Family 6 Model 142 Stepping 9, GenuineIntel



---------------  S Y S T E M  ---------------

OS: Windows 10.0 , 64 bit Build 18362 (10.0.18362.959)

CPU:total 4 (initial active 4) (2 cores per cpu, 2 threads per core) family 6 model 142 stepping 9, cmov, cx8, fxsr, mmx, sse, sse2, sse3, ssse3, sse4.1, sse4.2, popcnt, avx, avx2, aes, clmul, erms, 3dnowpref, lzcnt, ht, tsc, tscinvbit, bmi1, bmi2, adx

Memory: 4k page, physical 8167788k(1395932k free), swap 10106220k(7356k free)

vm_info: Java HotSpot(TM) 64-Bit Server VM (25.144-b01) for windows-amd64 JRE (1.8.0_144-b01), built on Jul 21 2017 21:57:33 by "java_re" with MS VC++ 10.0 (VS2010)

time: Sat Jul 25 23:18:25 2020
elapsed time: 12 seconds (0d 0h 0m 12s)

